[0;34m[16:54:03][0m =========================================
[0;34m[16:54:03][0m Scale-Down Auto-Balancing Experiment
[0;34m[16:54:03][0m =========================================
[0;34m[16:54:03][0m Cleaning up existing environment...
time="2025-12-30T16:54:03+08:00" level=warning msg="/Users/keqing/IdeaProjects/automq-labs/auto-balancing-demos/scale-down/docker-compose-with-metrics.yml: the attribute `version` is obsolete, it will be ignored, please remove it to avoid potential confusion"
 Volume scale-down_minio-data  Removing
 Volume scale-down_prometheus-data  Removing
 Volume scale-down_grafana-data  Removing
 Volume scale-down_grafana-data  Removed
 Volume scale-down_prometheus-data  Removed
 Volume scale-down_minio-data  Removed
[0;34m[16:54:11][0m Starting cluster with 3 brokers...
time="2025-12-30T16:54:11+08:00" level=warning msg="/Users/keqing/IdeaProjects/automq-labs/auto-balancing-demos/scale-down/docker-compose-with-metrics.yml: the attribute `version` is obsolete, it will be ignored, please remove it to avoid potential confusion"
 Network automq_net_scaledown  Creating
 Network automq_net_scaledown  Created
 Volume "scale-down_grafana-data"  Creating
 Volume "scale-down_grafana-data"  Created
 Volume "scale-down_minio-data"  Creating
 Volume "scale-down_minio-data"  Created
 Volume "scale-down_prometheus-data"  Creating
 Volume "scale-down_prometheus-data"  Created
 Container renderer-scaledown  Creating
 Container prometheus-scaledown  Creating
 Container minio-scaledown  Creating
 Container prometheus-scaledown  Created
 Container grafana-scaledown  Creating
 Container minio-scaledown  Created
 Container mc-scaledown  Creating
 Container renderer-scaledown  Created
 Container mc-scaledown  Created
 Container automq-server1-scaledown  Creating
 Container automq-server2-scaledown  Creating
 Container automq-server3-scaledown  Creating
 Container grafana-scaledown  Created
 Container automq-server2-scaledown  Created
 Container automq-server3-scaledown  Created
 Container automq-server1-scaledown  Created
 Container minio-scaledown  Starting
 Container renderer-scaledown  Starting
 Container prometheus-scaledown  Starting
 Container minio-scaledown  Started
 Container minio-scaledown  Waiting
 Container prometheus-scaledown  Started
 Container grafana-scaledown  Starting
 Container renderer-scaledown  Started
 Container grafana-scaledown  Started
 Container minio-scaledown  Healthy
 Container mc-scaledown  Starting
 Container mc-scaledown  Started
 Container automq-server2-scaledown  Starting
 Container automq-server3-scaledown  Starting
 Container automq-server1-scaledown  Starting
 Container automq-server1-scaledown  Started
 Container automq-server3-scaledown  Started
 Container automq-server2-scaledown  Started
[0;34m[16:54:47][0m Waiting for brokers...
[0;32m[16:54:49] ✅ Brokers ready![0m
[0;34m[16:54:49][0m Waiting for Grafana to be ready...
[0;32m[16:54:49] ✅ Grafana is ready![0m
[0;34m[16:54:49][0m Creating topic with 12 partitions...
Error while executing topic command : Topic 'Optional[scaledown-test]' does not exist as expected
[2025-12-30 08:54:51,052] ERROR java.lang.IllegalArgumentException: Topic 'Optional[scaledown-test]' does not exist as expected
	at org.apache.kafka.tools.TopicCommand.ensureTopicExists(TopicCommand.java:218)
	at org.apache.kafka.tools.TopicCommand$TopicService.deleteTopic(TopicCommand.java:656)
	at org.apache.kafka.tools.TopicCommand.execute(TopicCommand.java:113)
	at org.apache.kafka.tools.TopicCommand.mainNoExit(TopicCommand.java:90)
	at org.apache.kafka.tools.TopicCommand.main(TopicCommand.java:85)
 (org.apache.kafka.tools.TopicCommand)
[0;34m[16:54:51][0m Waiting 10 seconds for topic deletion to complete...
Created topic scaledown-test.
[0;34m[16:55:03][0m Waiting 15 seconds for topic to be fully created...
[0;34m[16:55:18][0m Initial partition distribution (3 brokers):
Topic: scaledown-test	TopicId: TvPol9q7S9mT-EvDEfKPCA	PartitionCount: 12	ReplicationFactor: 1	Configs: min.insync.replicas=1,segment.bytes=1073741824
	Topic: scaledown-test	Partition: 0	Leader: 0	Replicas: 0	Isr: 0	Elr: 	LastKnownElr: 
	Topic: scaledown-test	Partition: 1	Leader: 1	Replicas: 1	Isr: 1	Elr: 	LastKnownElr: 
	Topic: scaledown-test	Partition: 2	Leader: 2	Replicas: 2	Isr: 2	Elr: 	LastKnownElr: 
	Topic: scaledown-test	Partition: 3	Leader: 0	Replicas: 0	Isr: 0	Elr: 	LastKnownElr: 
	Topic: scaledown-test	Partition: 4	Leader: 2	Replicas: 2	Isr: 2	Elr: 	LastKnownElr: 
	Topic: scaledown-test	Partition: 5	Leader: 1	Replicas: 1	Isr: 1	Elr: 	LastKnownElr: 
	Topic: scaledown-test	Partition: 6	Leader: 1	Replicas: 1	Isr: 1	Elr: 	LastKnownElr: 
	Topic: scaledown-test	Partition: 7	Leader: 0	Replicas: 0	Isr: 0	Elr: 	LastKnownElr: 
	Topic: scaledown-test	Partition: 8	Leader: 2	Replicas: 2	Isr: 2	Elr: 	LastKnownElr: 
	Topic: scaledown-test	Partition: 9	Leader: 0	Replicas: 0	Isr: 0	Elr: 	LastKnownElr: 
	Topic: scaledown-test	Partition: 10	Leader: 1	Replicas: 1	Isr: 1	Elr: 	LastKnownElr: 
	Topic: scaledown-test	Partition: 11	Leader: 2	Replicas: 2	Isr: 2	Elr: 	LastKnownElr: 
[0;34m[16:55:19][0m Broker 0: 4, Broker 1: 4, Broker 2: 4
[0;34m[16:55:19][0m Waiting 60 seconds for metrics to accumulate...
[0;34m[16:56:19][0m Capturing screenshot: 01-before-scaledown
[0;34m[16:56:19][0m Waiting for metrics to stabilize before screenshot...
[0;34m[16:56:20][0m   Attempt 1/5: 4-4-4-
[0;34m[16:56:41][0m   Attempt 2/5: 4-4-4-
[0;32m[16:56:41] ✅ Metrics stable at: 4-4-4-[0m
[0;34m[16:56:41][0m Querying partition metrics from brokers (01-before-scaledown)...
[0;34m[16:56:41][0m   Broker 0: 4 partitions
[0;34m[16:56:41][0m   Broker 1: 4 partitions
[0;34m[16:56:41][0m   Broker 2: 4 partitions
[0;34m[16:56:41][0m Distribution: 4 4 4 
[0;34m[16:56:41][0m Waiting 30 seconds for Prometheus scrape and Grafana update...
[0;32m[16:57:18] ✅ Screenshot captured: /Users/keqing/IdeaProjects/automq-labs/auto-balancing-demos/scale-down/results/screenshots/01-before-scaledown-20251230-165403.png (25206 bytes)[0m
[0;34m[16:57:18][0m Verifying metrics match screenshot...
[0;34m[16:57:18][0m Querying partition metrics from brokers (01-before-scaledown-verification)...
[0;34m[16:57:18][0m   Broker 0: 4 partitions
[0;34m[16:57:18][0m   Broker 1: 4 partitions
[0;34m[16:57:18][0m   Broker 2: 4 partitions
[0;34m[16:57:18][0m Distribution: 4 4 4 
[0;34m[16:57:18][0m Starting traffic...
7dceb8bc53dc719e21d00da39c5963d9822c47dc6c1a8fc264c65f01e7cde713
[0;32m[16:57:18] ✅ Traffic started[0m
[0;34m[16:57:28][0m ⬇️  SCALING DOWN - Stopping Broker 2...
automq-server3-scaledown
[0;31m[16:57:45] ❌ Broker 2 stopped at 16:57:45[0m
[0;34m[16:57:45][0m Monitoring for partition redistribution...
[0;34m[16:57:45][0m Check 1/30 - 16:57:45
[0;34m[16:57:48][0m Broker 0: 4, Broker 1: 8, Broker 2 (STOPPED): 0
[0;32m[16:57:48] ✅ ✅ REDISTRIBUTION DETECTED! All partitions moved off stopped broker[0m
[0;34m[16:57:48][0m Distribution: 4-8-0 (was 4-4-4)
[0;34m[16:58:18][0m Capturing screenshot: 02-during-scaledown
[0;34m[16:58:18][0m Waiting for metrics to stabilize before screenshot...
[0;34m[16:58:18][0m   Attempt 1/5: 4-6-0-
[0;34m[16:58:38][0m   Attempt 2/5: 4-6-0-
[0;32m[16:58:38] ✅ Metrics stable at: 4-6-0-[0m
[0;34m[16:58:38][0m Querying partition metrics from brokers (02-during-scaledown)...
[0;34m[16:58:39][0m   Broker 0: 4 partitions
[0;34m[16:58:39][0m   Broker 1: 6 partitions
[0;34m[16:58:39][0m   Broker 2: 0 partitions (stopped)
[0;34m[16:58:39][0m Distribution: 4 6 0 
[0;34m[16:58:39][0m Waiting 30 seconds for Prometheus scrape and Grafana update...
[0;32m[16:59:14] ✅ Screenshot captured: /Users/keqing/IdeaProjects/automq-labs/auto-balancing-demos/scale-down/results/screenshots/02-during-scaledown-20251230-165403.png (28992 bytes)[0m
[0;34m[16:59:14][0m Verifying metrics match screenshot...
[0;34m[16:59:14][0m Querying partition metrics from brokers (02-during-scaledown-verification)...
[0;34m[16:59:15][0m   Broker 0: 6 partitions
[0;34m[16:59:15][0m   Broker 1: 6 partitions
[0;34m[16:59:15][0m   Broker 2: 0 partitions (stopped)
[0;34m[16:59:15][0m Distribution: 6 6 0 
[0;34m[16:59:45][0m Check 2/30 - 16:59:45
[0;34m[16:59:48][0m Broker 0: 6, Broker 1: 6, Broker 2 (STOPPED): 0
[0;32m[16:59:48] ✅ ✅ BALANCED! Partitions evenly distributed across remaining brokers[0m
[0;34m[16:59:48][0m Waiting 60 seconds for Prometheus to update (stopped broker data to expire)...
[0;34m[17:00:48][0m Capturing screenshot: 03-after-scaledown
[0;34m[17:00:48][0m Waiting for metrics to stabilize before screenshot...
[0;34m[17:00:48][0m   Attempt 1/5: 6-6-0-
[0;34m[17:01:09][0m   Attempt 2/5: 6-6-0-
[0;32m[17:01:09] ✅ Metrics stable at: 6-6-0-[0m
[0;34m[17:01:09][0m Querying partition metrics from brokers (03-after-scaledown)...
[0;34m[17:01:09][0m   Broker 0: 6 partitions
[0;34m[17:01:09][0m   Broker 1: 6 partitions
[0;34m[17:01:09][0m   Broker 2: 0 partitions (stopped)
[0;34m[17:01:09][0m Distribution: 6 6 0 
[0;34m[17:01:09][0m Waiting 30 seconds for Prometheus scrape and Grafana update...
[0;32m[17:01:45] ✅ Screenshot captured: /Users/keqing/IdeaProjects/automq-labs/auto-balancing-demos/scale-down/results/screenshots/03-after-scaledown-20251230-165403.png (32999 bytes)[0m
[0;34m[17:01:45][0m Verifying metrics match screenshot...
[0;34m[17:01:45][0m Querying partition metrics from brokers (03-after-scaledown-verification)...
[0;34m[17:01:45][0m   Broker 0: 0 partitions (stopped)
[0;34m[17:01:45][0m   Broker 1: 0 partitions (stopped)
[0;34m[17:01:45][0m   Broker 2: 0 partitions (stopped)
[0;34m[17:01:45][0m Distribution: 0 0 0 
[0;34m[17:01:45][0m Stopping traffic...
scaledown-producer-20251230-165403
scaledown-producer-20251230-165403
[0;34m[17:01:55][0m Final partition distribution (2 brokers):
