
=== Partition Metrics: 01-before-scaledown at 2025-12-30 17:18:33 ===
Broker 0: 4 partitions
Broker 1: 4 partitions
Broker 2: 4 partitions
Distribution: 4 4 4 

=== Partition Metrics: 01-before-scaledown-verification at 2025-12-30 17:19:15 ===
Broker 0: 4 partitions
Broker 1: 4 partitions
Broker 2: 4 partitions
Distribution: 4 4 4 

=== Partition Metrics: 02-redistribution-detected at 2025-12-30 17:21:44 ===
Broker 0: 5 partitions
Broker 1: 7 partitions
Broker 2: 0 partitions (stopped)
Distribution: 5 7 0 

=== Partition Metrics: 02-redistribution-detected-verification at 2025-12-30 17:22:39 ===
Broker 0: 0 partitions
Broker 1: 0 partitions (stopped)
Broker 2: 0 partitions (stopped)
Distribution: 0 0 0 
