
=== Partition Metrics: 01-before-scaledown at 2025-12-30 15:58:05 ===
Broker 0: 4 partitions
Broker 1: 4 partitions
Broker 2: 4 partitions
Distribution: 4 4 4 

=== Partition Metrics: 01-before-scaledown-verification at 2025-12-30 15:58:41 ===
Broker 0: 4 partitions
Broker 1: 4 partitions
Broker 2: 4 partitions
Distribution: 4 4 4 

=== Partition Metrics: 02-during-scaledown at 2025-12-30 16:00:05 ===
Broker 0: 6 partitions
Broker 1: 4 partitions
Broker 2: 0 partitions
Distribution: 6 4 0 

=== Partition Metrics: 02-during-scaledown-verification at 2025-12-30 16:00:46 ===
Broker 0: 6 partitions
Broker 1: 6 partitions
Broker 2: 0 partitions
Distribution: 6 6 0 

=== Partition Metrics: 03-after-scaledown at 2025-12-30 16:02:13 ===
Broker 0: 0 partitions
Broker 1: 0 partitions
Broker 2: 0 partitions
Distribution: 0 0 0 

=== Partition Metrics: 03-after-scaledown-verification at 2025-12-30 16:03:06 ===
Broker 0: 0 partitions
Broker 1: 0 partitions
Broker 2: 0 partitions
Distribution: 0 0 0 
