
=== Partition Metrics: 01-before-qps-load at 2025-12-30 15:48:47 ===
Broker 0: 4 partitions
Broker 1: 1 partitions
Broker 2: 1 partitions
Distribution: 4 1 1 

=== Partition Metrics: 01-before-qps-load-verification at 2025-12-30 15:49:24 ===
Broker 0: 4 partitions
Broker 1: 1 partitions
Broker 2: 1 partitions
Distribution: 4 1 1 

=== Partition Metrics: 02-during-qps-rebalance at 2025-12-30 15:51:19 ===
Broker 0: 2 partitions
Broker 1: 2 partitions
Broker 2: 2 partitions
Distribution: 2 2 2 

=== Partition Metrics: 02-during-qps-rebalance-verification at 2025-12-30 15:52:10 ===
Broker 0: 2 partitions
Broker 1: 2 partitions
Broker 2: 2 partitions
Distribution: 2 2 2 

=== Partition Metrics: 03-after-qps-rebalance at 2025-12-30 15:53:05 ===
Broker 0: 2 partitions
Broker 1: 2 partitions
Broker 2: 2 partitions
Distribution: 2 2 2 

=== Partition Metrics: 03-after-qps-rebalance-verification at 2025-12-30 15:53:43 ===
Broker 0: 2 partitions
Broker 1: 2 partitions
Broker 2: 2 partitions
Distribution: 2 2 2 
