
=== Partition Metrics: 01-before-scaledown at 2025-12-30 16:56:41 ===
Broker 0: 4 partitions
Broker 1: 4 partitions
Broker 2: 4 partitions
Distribution: 4 4 4 

=== Partition Metrics: 01-before-scaledown-verification at 2025-12-30 16:57:18 ===
Broker 0: 4 partitions
Broker 1: 4 partitions
Broker 2: 4 partitions
Distribution: 4 4 4 

=== Partition Metrics: 02-during-scaledown at 2025-12-30 16:58:38 ===
Broker 0: 4 partitions
Broker 1: 6 partitions
Broker 2: 0 partitions (stopped)
Distribution: 4 6 0 

=== Partition Metrics: 02-during-scaledown-verification at 2025-12-30 16:59:14 ===
Broker 0: 6 partitions
Broker 1: 6 partitions
Broker 2: 0 partitions (stopped)
Distribution: 6 6 0 

=== Partition Metrics: 03-after-scaledown at 2025-12-30 17:01:09 ===
Broker 0: 6 partitions
Broker 1: 6 partitions
Broker 2: 0 partitions (stopped)
Distribution: 6 6 0 

=== Partition Metrics: 03-after-scaledown-verification at 2025-12-30 17:01:45 ===
Broker 0: 0 partitions (stopped)
Broker 1: 0 partitions (stopped)
Broker 2: 0 partitions (stopped)
Distribution: 0 0 0 
