=========================================
Creating Partition Imbalance
=========================================

Current partition distribution:
	Topic: qps-test	Partition: 0	Leader: 2	Replicas: 2	Isr: 2	Elr: 	LastKnownElr: 
	Topic: qps-test	Partition: 1	Leader: 0	Replicas: 0	Isr: 0	Elr: 	LastKnownElr: 
	Topic: qps-test	Partition: 2	Leader: 1	Replicas: 1	Isr: 1	Elr: 	LastKnownElr: 
	Topic: qps-test	Partition: 3	Leader: 0	Replicas: 0	Isr: 0	Elr: 	LastKnownElr: 
	Topic: qps-test	Partition: 4	Leader: 2	Replicas: 2	Isr: 2	Elr: 	LastKnownElr: 
	Topic: qps-test	Partition: 5	Leader: 1	Replicas: 1	Isr: 1	Elr: 	LastKnownElr: 

Creating reassignment plan to move partitions 0,1,3,4 to broker 0...
Executing partition reassignment...
Current partition replica assignment

{"version":1,"partitions":[{"topic":"qps-test","partition":0,"replicas":[2],"log_dirs":["any"]},{"topic":"qps-test","partition":1,"replicas":[0],"log_dirs":["any"]},{"topic":"qps-test","partition":2,"replicas":[1],"log_dirs":["any"]},{"topic":"qps-test","partition":3,"replicas":[0],"log_dirs":["any"]},{"topic":"qps-test","partition":4,"replicas":[2],"log_dirs":["any"]},{"topic":"qps-test","partition":5,"replicas":[1],"log_dirs":["any"]}]}

Save this to use as the --reassignment-json-file option during rollback
Successfully started partition reassignments for qps-test-0,qps-test-1,qps-test-2,qps-test-3,qps-test-4,qps-test-5

Waiting for reassignment to complete...

New partition distribution:
	Topic: qps-test	Partition: 0	Leader: 0	Replicas: 0	Isr: 0	Elr: 	LastKnownElr: 
	Topic: qps-test	Partition: 1	Leader: 0	Replicas: 0	Isr: 0	Elr: 	LastKnownElr: 
	Topic: qps-test	Partition: 2	Leader: 0	Replicas: 0	Isr: 0	Elr: 	LastKnownElr: 
	Topic: qps-test	Partition: 3	Leader: 0	Replicas: 0	Isr: 0	Elr: 	LastKnownElr: 
	Topic: qps-test	Partition: 4	Leader: 1	Replicas: 1	Isr: 1	Elr: 	LastKnownElr: 
	Topic: qps-test	Partition: 5	Leader: 2	Replicas: 2	Isr: 2	Elr: 	LastKnownElr: 

=========================================
✓ Imbalance Created
=========================================

Broker 0 now has 4 partitions (0,1,2,3)
Broker 1 has 1 partition (4)
Broker 2 has 1 partition (5)

This creates a significant imbalance that auto-balancer should detect.

