[0;34m[10:57:04][0m =========================================
[0;34m[10:57:04][0m Slow Node Isolation Experiment (2 Brokers)
[0;34m[10:57:04][0m Using Separate MinIO Instances
[0;34m[10:57:04][0m =========================================
[0;34m[10:57:04][0m Cleaning up existing environment...
[0;34m[10:57:04][0m Cleaning up existing environment...
open /Users/keqing/IdeaProjects/automq-labs/docker-compose-2broker.yml: no such file or directory
[0;34m[10:57:04][0m Starting cluster with 2 brokers...
open /Users/keqing/IdeaProjects/automq-labs/docker-compose-2broker.yml: no such file or directory
[0;34m[10:57:04][0m Waiting for MinIO instances to start...
[0;34m[10:57:34][0m Verifying toxiproxy latency configuration...
[0;31m[10:57:34] ❌ toxiproxy minio1 proxy not found[0m
[0;34m[10:57:34][0m Testing latency from host to toxiproxy...
auto-balancing-demos/slow-node-isolation/run-slownode-experiment-2broker.sh: line 222: 17674954543N: value too great for base (error token is "17674954543N")
[0;34m[10:57:34][0m   Average latency: 0ms
[1;33m[10:57:34] ⚠️    ⚠️  Latency is lower than expected (0ms, should be ~10ms)[0m
[0;34m[10:57:34][0m Testing S3 latency from each broker...
[0;34m[10:57:34][0m Testing Broker 0 → minio0:9000...
Error response from daemon: No such container: automq-server1-slownode
Error response from daemon: No such container: automq-server1-slownode
Error response from daemon: No such container: automq-server1-slownode
Error response from daemon: No such container: automq-server1-slownode
Error response from daemon: No such container: automq-server1-slownode
[0;31m[10:57:34] ❌   ❌ Failed to test latency for Broker 0[0m
[0;34m[10:57:34][0m Testing Broker 1 → toxiproxy:9010...
Error response from daemon: No such container: automq-server2-slownode
Error response from daemon: No such container: automq-server2-slownode
Error response from daemon: No such container: automq-server2-slownode
Error response from daemon: No such container: automq-server2-slownode
Error response from daemon: No such container: automq-server2-slownode
[0;31m[10:57:34] ❌   ❌ Failed to test latency for Broker 1[0m
[0;34m[10:57:34][0m Waiting for brokers...
open /Users/keqing/IdeaProjects/automq-labs/docker-compose-2broker.yml: no such file or directory
open /Users/keqing/IdeaProjects/automq-labs/docker-compose-2broker.yml: no such file or directory
open /Users/keqing/IdeaProjects/automq-labs/docker-compose-2broker.yml: no such file or directory
open /Users/keqing/IdeaProjects/automq-labs/docker-compose-2broker.yml: no such file or directory
open /Users/keqing/IdeaProjects/automq-labs/docker-compose-2broker.yml: no such file or directory
open /Users/keqing/IdeaProjects/automq-labs/docker-compose-2broker.yml: no such file or directory
open /Users/keqing/IdeaProjects/automq-labs/docker-compose-2broker.yml: no such file or directory
[0;34m[10:58:35][0m Still waiting for brokers... (6/60)
open /Users/keqing/IdeaProjects/automq-labs/docker-compose-2broker.yml: no such file or directory
open /Users/keqing/IdeaProjects/automq-labs/docker-compose-2broker.yml: no such file or directory
open /Users/keqing/IdeaProjects/automq-labs/docker-compose-2broker.yml: no such file or directory
open /Users/keqing/IdeaProjects/automq-labs/docker-compose-2broker.yml: no such file or directory
open /Users/keqing/IdeaProjects/automq-labs/docker-compose-2broker.yml: no such file or directory
open /Users/keqing/IdeaProjects/automq-labs/docker-compose-2broker.yml: no such file or directory
[0;34m[10:59:35][0m Still waiting for brokers... (12/60)
open /Users/keqing/IdeaProjects/automq-labs/docker-compose-2broker.yml: no such file or directory
open /Users/keqing/IdeaProjects/automq-labs/docker-compose-2broker.yml: no such file or directory
open /Users/keqing/IdeaProjects/automq-labs/docker-compose-2broker.yml: no such file or directory
open /Users/keqing/IdeaProjects/automq-labs/docker-compose-2broker.yml: no such file or directory
open /Users/keqing/IdeaProjects/automq-labs/docker-compose-2broker.yml: no such file or directory
open /Users/keqing/IdeaProjects/automq-labs/docker-compose-2broker.yml: no such file or directory
[0;34m[11:00:36][0m Still waiting for brokers... (18/60)
open /Users/keqing/IdeaProjects/automq-labs/docker-compose-2broker.yml: no such file or directory
open /Users/keqing/IdeaProjects/automq-labs/docker-compose-2broker.yml: no such file or directory
open /Users/keqing/IdeaProjects/automq-labs/docker-compose-2broker.yml: no such file or directory
open /Users/keqing/IdeaProjects/automq-labs/docker-compose-2broker.yml: no such file or directory
open /Users/keqing/IdeaProjects/automq-labs/docker-compose-2broker.yml: no such file or directory
open /Users/keqing/IdeaProjects/automq-labs/docker-compose-2broker.yml: no such file or directory
[0;34m[11:01:37][0m Still waiting for brokers... (24/60)
open /Users/keqing/IdeaProjects/automq-labs/docker-compose-2broker.yml: no such file or directory
open /Users/keqing/IdeaProjects/automq-labs/docker-compose-2broker.yml: no such file or directory
open /Users/keqing/IdeaProjects/automq-labs/docker-compose-2broker.yml: no such file or directory
